[2025-04-09 06:31:49.923] [weekly_logger] [info] Starting WebSocket client...
[2025-04-09 06:31:49.923] [weekly_logger] [info] Created io_context
[2025-04-09 06:31:49.932] [weekly_logger] [info] Configured SSL context
[2025-04-09 06:31:49.932] [weekly_logger] [info] Defined server information: host=stream.binance.com, port=9443, target=/ws/btcusdt@trade
[2025-04-09 06:31:49.938] [weekly_logger] [info] DNS resolution succeeded
[2025-04-09 06:31:49.939] [weekly_logger] [info] Created WebSocket stream
[2025-04-09 06:31:49.940] [weekly_logger] [info] TCP connection succeeded
[2025-04-09 06:31:50.600] [weekly_logger] [info] SSL handshake succeeded
[2025-04-09 06:31:50.799] [weekly_logger] [info] WebSocket handshake succeeded
[2025-04-09 06:31:50.799] [weekly_logger] [info] Connected to Binance WebSocket at stream.binance.com
[2025-04-09 06:44:03.437] [weekly_logger] [info] Starting WebSocket client...
[2025-04-09 06:44:03.437] [weekly_logger] [info] Created io_context
[2025-04-09 06:44:03.441] [weekly_logger] [info] Configured SSL context
[2025-04-09 06:44:03.441] [weekly_logger] [info] Defined server information: host=stream.binance.com, port=9443, target=/ws/btcusdt@trade
[2025-04-09 06:44:03.448] [weekly_logger] [info] DNS resolution succeeded
[2025-04-09 06:44:03.448] [weekly_logger] [info] Created WebSocket stream
[2025-04-09 06:44:03.449] [weekly_logger] [info] TCP connection succeeded
[2025-04-09 06:44:04.100] [weekly_logger] [info] SSL handshake succeeded
[2025-04-09 06:44:04.304] [weekly_logger] [info] WebSocket handshake succeeded
[2025-04-09 06:44:04.304] [weekly_logger] [info] Connected to Binance WebSocket at stream.binance.com
[2025-04-09 07:28:32.278] [weekly_logger] [info] Starting WebSocket client...
[2025-04-09 07:28:32.278] [weekly_logger] [info] Created io_context
[2025-04-09 07:28:32.288] [weekly_logger] [info] Configured SSL context
[2025-04-09 07:28:32.288] [weekly_logger] [info] Defined server information: host=stream.binance.com, port=9443, target=/ws/btcusdt@trade
[2025-04-09 07:28:32.294] [weekly_logger] [info] DNS resolution succeeded
[2025-04-09 07:28:32.295] [weekly_logger] [info] Created WebSocket stream
[2025-04-09 07:28:32.295] [weekly_logger] [info] TCP connection succeeded
[2025-04-09 07:28:32.934] [weekly_logger] [info] SSL handshake succeeded
[2025-04-09 07:28:33.135] [weekly_logger] [info] WebSocket handshake succeeded
[2025-04-09 07:28:33.135] [weekly_logger] [info] Connected to Binance WebSocket at stream.binance.com
[2025-04-09 08:08:36.879] [daily_logger] [info] Starting WebSocket client...
[2025-04-09 08:08:37.189] [daily_logger] [info] DNS resolution succeeded
[2025-04-09 08:08:37.189] [daily_logger] [info] TCP connection succeeded
[2025-04-09 08:08:37.751] [daily_logger] [info] SSL handshake succeeded
[2025-04-09 08:08:37.998] [daily_logger] [info] WebSocket handshake succeeded
[2025-04-09 08:08:37.998] [daily_logger] [info] Connected to Binance WebSocket at stream.binance.com
[2025-04-09 08:08:38.109] [daily_logger] [warning] Empty buffer received, skipping parsing...
[2025-04-09 08:08:38.237] [daily_logger] [warning] Empty buffer received, skipping parsing...
[2025-04-09 08:08:38.237] [daily_logger] [warning] Empty buffer received, skipping parsing...
[2025-04-09 08:08:38.529] [daily_logger] [warning] Empty buffer received, skipping parsing...
[2025-04-09 08:08:38.667] [daily_logger] [warning] Empty buffer received, skipping parsing...
[2025-04-09 08:09:18.682] [daily_logger] [info] Starting WebSocket client...
[2025-04-09 08:09:18.967] [daily_logger] [info] DNS resolution succeeded
[2025-04-09 08:09:18.967] [daily_logger] [info] TCP connection succeeded
[2025-04-09 08:09:19.553] [daily_logger] [info] SSL handshake succeeded
[2025-04-09 08:09:19.757] [daily_logger] [info] WebSocket handshake succeeded
[2025-04-09 08:09:19.757] [daily_logger] [info] Connected to Binance WebSocket at stream.binance.com
[2025-04-09 08:09:20.049] [daily_logger] [warning] Empty buffer received, skipping parsing...
[2025-04-09 08:09:20.049] [daily_logger] [warning] Empty buffer received, skipping parsing...
[2025-04-09 08:09:20.089] [daily_logger] [warning] Empty buffer received, skipping parsing...
