[2025-04-09 07:47:28.586] [daily_logger] [info] Starting WebSocket client...
[2025-04-09 07:47:28.876] [daily_logger] [info] DNS resolution succeeded
[2025-04-09 07:47:28.877] [daily_logger] [info] TCP connection succeeded
[2025-04-09 07:47:29.454] [daily_logger] [info] SSL handshake succeeded
[2025-04-09 07:47:29.656] [daily_logger] [info] WebSocket handshake succeeded
[2025-04-09 07:47:29.656] [daily_logger] [info] Connected to Binance WebSocket at stream.binance.com
[2025-04-09 07:47:29.998] [daily_logger] [warning] Empty buffer received, skipping parsing...
[2025-04-09 07:47:30.384] [daily_logger] [warning] Empty buffer received, skipping parsing...
[2025-04-09 07:47:30.435] [daily_logger] [warning] Empty buffer received, skipping parsing...
[2025-04-09 07:49:11.230] [daily_logger] [info] Starting WebSocket client...
[2025-04-09 07:49:11.504] [daily_logger] [info] DNS resolution succeeded
[2025-04-09 07:49:11.504] [daily_logger] [info] TCP connection succeeded
[2025-04-09 07:49:12.091] [daily_logger] [info] SSL handshake succeeded
[2025-04-09 07:49:12.295] [daily_logger] [info] WebSocket handshake succeeded
[2025-04-09 07:49:12.295] [daily_logger] [info] Connected to Binance WebSocket at stream.binance.com
[2025-04-09 07:49:12.546] [daily_logger] [warning] Empty buffer received, skipping parsing...
[2025-04-09 07:49:13.222] [daily_logger] [warning] Empty buffer received, skipping parsing...
[2025-04-09 07:49:13.276] [daily_logger] [warning] Empty buffer received, skipping parsing...
[2025-04-09 07:49:13.331] [daily_logger] [warning] Empty buffer received, skipping parsing...
[2025-04-09 07:49:13.384] [daily_logger] [warning] Empty buffer received, skipping parsing...
[2025-04-09 07:49:13.439] [daily_logger] [warning] Empty buffer received, skipping parsing...
[2025-04-09 07:49:13.495] [daily_logger] [warning] Empty buffer received, skipping parsing...
[2025-04-09 07:49:13.545] [daily_logger] [warning] Empty buffer received, skipping parsing...
[2025-04-09 07:49:13.597] [daily_logger] [warning] Empty buffer received, skipping parsing...
[2025-04-09 07:49:13.649] [daily_logger] [warning] Empty buffer received, skipping parsing...
[2025-04-09 07:49:13.700] [daily_logger] [warning] Empty buffer received, skipping parsing...
[2025-04-09 07:49:13.756] [daily_logger] [warning] Empty buffer received, skipping parsing...
[2025-04-09 07:49:13.806] [daily_logger] [warning] Empty buffer received, skipping parsing...
[2025-04-09 07:49:14.218] [daily_logger] [warning] Empty buffer received, skipping parsing...
[2025-04-09 07:49:14.628] [daily_logger] [warning] Empty buffer received, skipping parsing...
[2025-04-09 07:49:14.783] [daily_logger] [warning] Empty buffer received, skipping parsing...
[2025-04-09 07:49:14.964] [daily_logger] [warning] Empty buffer received, skipping parsing...
[2025-04-09 07:49:15.019] [daily_logger] [warning] Empty buffer received, skipping parsing...
[2025-04-09 07:49:15.073] [daily_logger] [warning] Empty buffer received, skipping parsing...
[2025-04-09 07:49:15.123] [daily_logger] [warning] Empty buffer received, skipping parsing...
[2025-04-09 07:49:15.174] [daily_logger] [warning] Empty buffer received, skipping parsing...
[2025-04-09 07:49:15.228] [daily_logger] [warning] Empty buffer received, skipping parsing...
[2025-04-09 07:49:15.282] [daily_logger] [warning] Empty buffer received, skipping parsing...
[2025-04-09 07:49:15.337] [daily_logger] [warning] Empty buffer received, skipping parsing...
[2025-04-09 07:49:15.388] [daily_logger] [warning] Empty buffer received, skipping parsing...
[2025-04-09 07:49:15.441] [daily_logger] [warning] Empty buffer received, skipping parsing...
[2025-04-09 07:49:15.494] [daily_logger] [warning] Empty buffer received, skipping parsing...
[2025-04-09 07:49:15.548] [daily_logger] [warning] Empty buffer received, skipping parsing...
[2025-04-09 07:49:15.602] [daily_logger] [warning] Empty buffer received, skipping parsing...
[2025-04-09 07:49:15.654] [daily_logger] [error] JSON Parsing Error: UNCLOSED_STRING: A string is opened, but never closed.
[2025-04-09 07:49:15.654] [daily_logger] [error] JSON Parsing Error: UNCLOSED_STRING: A string is opened, but never closed.
[2025-04-09 07:49:15.654] [daily_logger] [error] JSON Parsing Error: UNCLOSED_STRING: A string is opened, but never closed.
[2025-04-09 07:49:15.654] [daily_logger] [error] JSON Parsing Error: UNCLOSED_STRING: A string is opened, but never closed.
[2025-04-09 07:49:15.654] [daily_logger] [error] JSON Parsing Error: UNCLOSED_STRING: A string is opened, but never closed.
[2025-04-09 07:49:15.654] [daily_logger] [error] JSON Parsing Error: UNCLOSED_STRING: A string is opened, but never closed.
[2025-04-09 07:49:15.654] [daily_logger] [error] JSON Parsing Error: UNCLOSED_STRING: A string is opened, but never closed.
[2025-04-09 07:49:15.654] [daily_logger] [error] JSON Parsing Error: UNCLOSED_STRING: A string is opened, but never closed.
[2025-04-09 07:49:15.654] [daily_logger] [error] JSON Parsing Error: UNCLOSED_STRING: A string is opened, but never closed.
[2025-04-09 08:10:24.800] [daily_logger] [info] Starting WebSocket client...
[2025-04-09 08:10:25.080] [daily_logger] [info] DNS resolution succeeded
[2025-04-09 08:10:25.081] [daily_logger] [info] TCP connection succeeded
[2025-04-09 08:10:25.682] [daily_logger] [info] SSL handshake succeeded
[2025-04-09 08:10:25.881] [daily_logger] [info] WebSocket handshake succeeded
[2025-04-09 08:10:25.881] [daily_logger] [info] Connected to Binance WebSocket at stream.binance.com
[2025-04-09 08:10:25.973] [daily_logger] [warning] Empty buffer received, skipping parsing...
[2025-04-09 08:10:26.307] [daily_logger] [warning] Empty buffer received, skipping parsing...
[2025-04-09 08:11:05.613] [daily_logger] [info] Starting WebSocket client...
[2025-04-09 08:11:05.896] [daily_logger] [info] DNS resolution succeeded
[2025-04-09 08:11:05.896] [daily_logger] [info] TCP connection succeeded
[2025-04-09 08:11:06.539] [daily_logger] [info] SSL handshake succeeded
[2025-04-09 08:11:06.740] [daily_logger] [info] WebSocket handshake succeeded
[2025-04-09 08:11:06.740] [daily_logger] [info] Connected to Binance WebSocket at stream.binance.com
[2025-04-09 08:11:07.748] [daily_logger] [warning] Empty buffer received, skipping parsing...
[2025-04-09 08:11:07.751] [daily_logger] [warning] Empty buffer received, skipping parsing...
[2025-04-09 08:11:07.751] [daily_logger] [warning] Empty buffer received, skipping parsing...
[2025-04-09 08:11:07.751] [daily_logger] [warning] Empty buffer received, skipping parsing...
[2025-04-09 08:11:07.751] [daily_logger] [warning] Empty buffer received, skipping parsing...
[2025-04-09 08:11:07.751] [daily_logger] [warning] Empty buffer received, skipping parsing...
[2025-04-09 08:11:07.751] [daily_logger] [warning] Empty buffer received, skipping parsing...
[2025-04-09 08:11:07.751] [daily_logger] [warning] Empty buffer received, skipping parsing...
[2025-04-09 08:11:07.751] [daily_logger] [warning] Empty buffer received, skipping parsing...
[2025-04-09 08:11:07.751] [daily_logger] [warning] Empty buffer received, skipping parsing...
[2025-04-09 08:11:07.751] [daily_logger] [warning] Empty buffer received, skipping parsing...
[2025-04-09 08:11:07.751] [daily_logger] [warning] Empty buffer received, skipping parsing...
[2025-04-09 08:11:07.752] [daily_logger] [warning] Empty buffer received, skipping parsing...
[2025-04-09 08:11:07.752] [daily_logger] [warning] Empty buffer received, skipping parsing...
[2025-04-09 08:12:17.586] [daily_logger] [info] Starting WebSocket client...
[2025-04-09 08:12:17.863] [daily_logger] [info] DNS resolution succeeded
[2025-04-09 08:12:17.863] [daily_logger] [info] TCP connection succeeded
[2025-04-09 08:12:18.517] [daily_logger] [info] SSL handshake succeeded
[2025-04-09 08:12:18.716] [daily_logger] [info] WebSocket handshake succeeded
[2025-04-09 08:12:18.716] [daily_logger] [info] Connected to Binance WebSocket at stream.binance.com
[2025-04-09 08:12:19.619] [daily_logger] [warning] Empty buffer received, skipping parsing...
[2025-04-09 08:12:19.840] [daily_logger] [warning] Empty buffer received, skipping parsing...
[2025-04-09 08:19:35.064] [daily_logger] [info] Starting WebSocket client...
[2025-04-09 08:19:35.354] [daily_logger] [info] DNS resolution succeeded
[2025-04-09 08:19:35.354] [daily_logger] [info] TCP connection succeeded
[2025-04-09 08:19:35.949] [daily_logger] [info] SSL handshake succeeded
[2025-04-09 08:19:36.152] [daily_logger] [info] WebSocket handshake succeeded
[2025-04-09 08:19:36.152] [daily_logger] [info] Connected to Binance WebSocket at stream.binance.com
[2025-04-09 08:19:36.310] [daily_logger] [warning] Empty buffer received, skipping parsing...
[2025-04-09 08:19:36.310] [daily_logger] [warning] Empty buffer received, skipping parsing...
[2025-04-09 08:19:36.310] [daily_logger] [warning] Empty buffer received, skipping parsing...
[2025-04-09 08:19:36.310] [daily_logger] [warning] Empty buffer received, skipping parsing...
[2025-04-09 08:19:36.310] [daily_logger] [warning] Empty buffer received, skipping parsing...
[2025-04-09 08:19:36.310] [daily_logger] [warning] Empty buffer received, skipping parsing...
[2025-04-09 08:19:36.310] [daily_logger] [warning] Empty buffer received, skipping parsing...
[2025-04-09 08:19:36.310] [daily_logger] [warning] Empty buffer received, skipping parsing...
[2025-04-09 08:19:36.310] [daily_logger] [warning] Empty buffer received, skipping parsing...
[2025-04-09 08:19:36.310] [daily_logger] [warning] Empty buffer received, skipping parsing...
[2025-04-09 08:19:36.310] [daily_logger] [warning] Empty buffer received, skipping parsing...
[2025-04-09 08:19:36.311] [daily_logger] [warning] Empty buffer received, skipping parsing...
