[2025-04-10 12:35:53.868] [weekly_logger] [info] Starting WebSocket client...
[2025-04-10 12:35:53.868] [weekly_logger] [info] Created io_context
[2025-04-10 12:35:53.872] [weekly_logger] [info] Configured SSL context
[2025-04-10 12:35:53.872] [weekly_logger] [info] Defined server information: host=stream.binance.com, port=9443, target=/ws/btcusdt@trade
[2025-04-10 12:35:53.879] [weekly_logger] [info] DNS resolution succeeded
[2025-04-10 12:35:53.879] [weekly_logger] [info] Created WebSocket stream
[2025-04-10 12:35:53.879] [weekly_logger] [info] TCP connection succeeded
[2025-04-10 12:35:54.681] [weekly_logger] [info] SSL handshake succeeded
[2025-04-10 12:35:55.182] [weekly_logger] [info] WebSocket handshake succeeded
[2025-04-10 12:35:55.182] [weekly_logger] [info] Connected to Binance WebSocket at stream.binance.com
[2025-04-10 13:27:40.888] [weekly_logger] [info] Starting WebSocket client...
[2025-04-10 13:27:40.888] [weekly_logger] [info] Created io_context
[2025-04-10 13:27:40.898] [weekly_logger] [info] Configured SSL context
[2025-04-10 13:27:40.898] [weekly_logger] [info] Defined server information: host=stream.binance.com, port=9443, target=/ws/btcusdt@trade
[2025-04-10 13:27:41.257] [weekly_logger] [info] DNS resolution succeeded
[2025-04-10 13:27:41.260] [weekly_logger] [info] Created WebSocket stream
[2025-04-10 13:27:41.261] [weekly_logger] [info] TCP connection succeeded
[2025-04-10 13:27:41.796] [weekly_logger] [info] SSL handshake succeeded
[2025-04-10 13:27:41.981] [weekly_logger] [info] WebSocket handshake succeeded
[2025-04-10 13:27:41.981] [weekly_logger] [info] Connected to Binance WebSocket at stream.binance.com
[2025-04-10 13:32:13.340] [weekly_logger] [info] Starting WebSocket client...
[2025-04-10 13:32:13.340] [weekly_logger] [info] Created io_context
[2025-04-10 13:32:13.350] [weekly_logger] [info] Configured SSL context
[2025-04-10 13:32:13.350] [weekly_logger] [info] Defined server information: host=stream.binance.com, port=9443, target=/ws/btcusdt@trade
[2025-04-10 13:32:13.358] [weekly_logger] [info] DNS resolution succeeded
[2025-04-10 13:32:13.359] [weekly_logger] [info] Created WebSocket stream
[2025-04-10 13:32:13.359] [weekly_logger] [info] TCP connection succeeded
[2025-04-10 13:32:14.244] [weekly_logger] [info] SSL handshake succeeded
[2025-04-10 13:32:14.441] [weekly_logger] [info] WebSocket handshake succeeded
[2025-04-10 13:32:14.441] [weekly_logger] [info] Connected to Binance WebSocket at stream.binance.com
[2025-04-10 13:32:53.271] [weekly_logger] [info] Starting WebSocket client...
[2025-04-10 13:32:53.271] [weekly_logger] [info] Created io_context
[2025-04-10 13:32:53.281] [weekly_logger] [info] Configured SSL context
[2025-04-10 13:32:53.281] [weekly_logger] [info] Defined server information: host=stream.binance.com, port=9443, target=/ws/btcusdt@trade
[2025-04-10 13:32:53.573] [weekly_logger] [info] DNS resolution succeeded
[2025-04-10 13:32:53.574] [weekly_logger] [info] Created WebSocket stream
[2025-04-10 13:32:53.574] [weekly_logger] [info] TCP connection succeeded
[2025-04-10 13:32:54.160] [weekly_logger] [info] SSL handshake succeeded
[2025-04-10 13:32:54.360] [weekly_logger] [info] WebSocket handshake succeeded
[2025-04-10 13:32:54.360] [weekly_logger] [info] Connected to Binance WebSocket at stream.binance.com
[2025-04-10 13:33:44.370] [weekly_logger] [info] Starting WebSocket client...
[2025-04-10 13:33:44.370] [weekly_logger] [info] Created io_context
[2025-04-10 13:33:44.376] [weekly_logger] [info] Configured SSL context
[2025-04-10 13:33:44.376] [weekly_logger] [info] Defined server information: host=stream.binance.com, port=9443, target=/ws/btcusdt@trade
[2025-04-10 13:33:44.652] [weekly_logger] [info] DNS resolution succeeded
[2025-04-10 13:33:44.653] [weekly_logger] [info] Created WebSocket stream
[2025-04-10 13:33:44.654] [weekly_logger] [info] TCP connection succeeded
[2025-04-10 13:33:45.268] [weekly_logger] [info] SSL handshake succeeded
[2025-04-10 13:33:45.465] [weekly_logger] [info] WebSocket handshake succeeded
[2025-04-10 13:33:45.465] [weekly_logger] [info] Connected to Binance WebSocket at stream.binance.com
[2025-04-10 13:34:42.914] [weekly_logger] [info] Starting WebSocket client...
[2025-04-10 13:34:42.914] [weekly_logger] [info] Created io_context
[2025-04-10 13:34:42.922] [weekly_logger] [info] Configured SSL context
[2025-04-10 13:34:42.922] [weekly_logger] [info] Defined server information: host=stream.binance.com, port=9443, target=/ws/btcusdt@trade
[2025-04-10 13:34:42.927] [weekly_logger] [info] DNS resolution succeeded
[2025-04-10 13:34:42.928] [weekly_logger] [info] Created WebSocket stream
[2025-04-10 13:34:42.928] [weekly_logger] [info] TCP connection succeeded
[2025-04-10 13:34:43.508] [weekly_logger] [info] SSL handshake succeeded
[2025-04-10 13:34:43.708] [weekly_logger] [info] WebSocket handshake succeeded
[2025-04-10 13:34:43.708] [weekly_logger] [info] Connected to Binance WebSocket at stream.binance.com
[2025-04-10 13:44:58.336] [weekly_logger] [info] Starting WebSocket client...
[2025-04-10 13:44:58.336] [weekly_logger] [info] Created io_context
[2025-04-10 13:44:58.340] [weekly_logger] [info] Configured SSL context
[2025-04-10 13:44:58.340] [weekly_logger] [info] Defined server information: host=stream.binance.com, port=9443, target=/ws/btcusdt@aggTrade
[2025-04-10 13:44:58.346] [weekly_logger] [info] DNS resolution succeeded
[2025-04-10 13:44:58.346] [weekly_logger] [info] Created WebSocket stream
[2025-04-10 13:44:58.346] [weekly_logger] [info] TCP connection succeeded
[2025-04-10 13:44:58.967] [weekly_logger] [info] SSL handshake succeeded
[2025-04-10 13:44:59.172] [weekly_logger] [info] WebSocket handshake succeeded
[2025-04-10 13:44:59.172] [weekly_logger] [info] Connected to Binance WebSocket at stream.binance.com
[2025-04-10 13:46:06.345] [weekly_logger] [info] Starting WebSocket client...
[2025-04-10 13:46:06.346] [weekly_logger] [info] Created io_context
[2025-04-10 13:46:06.355] [weekly_logger] [info] Configured SSL context
[2025-04-10 13:46:06.355] [weekly_logger] [info] Defined server information: host=stream.binance.com, port=9443, target=/ws/btcusdt@depth
[2025-04-10 13:46:06.361] [weekly_logger] [info] DNS resolution succeeded
[2025-04-10 13:46:06.363] [weekly_logger] [info] Created WebSocket stream
[2025-04-10 13:46:06.363] [weekly_logger] [info] TCP connection succeeded
[2025-04-10 13:46:06.948] [weekly_logger] [info] SSL handshake succeeded
[2025-04-10 13:46:07.147] [weekly_logger] [info] WebSocket handshake succeeded
[2025-04-10 13:46:07.147] [weekly_logger] [info] Connected to Binance WebSocket at stream.binance.com
[2025-04-10 13:47:25.415] [weekly_logger] [info] Starting WebSocket client...
[2025-04-10 13:47:25.415] [weekly_logger] [info] Created io_context
[2025-04-10 13:47:25.419] [weekly_logger] [info] Configured SSL context
[2025-04-10 13:47:25.419] [weekly_logger] [info] Defined server information: host=stream.binance.com, port=9443, target=/ws/btcusdt@depth@100ms
[2025-04-10 13:47:25.426] [weekly_logger] [info] DNS resolution succeeded
[2025-04-10 13:47:25.426] [weekly_logger] [info] Created WebSocket stream
[2025-04-10 13:47:25.427] [weekly_logger] [info] TCP connection succeeded
[2025-04-10 13:47:26.020] [weekly_logger] [info] SSL handshake succeeded
[2025-04-10 13:47:26.230] [weekly_logger] [info] WebSocket handshake succeeded
[2025-04-10 13:47:26.230] [weekly_logger] [info] Connected to Binance WebSocket at stream.binance.com
[2025-04-10 13:51:31.359] [weekly_logger] [info] Starting WebSocket client...
[2025-04-10 13:51:31.359] [weekly_logger] [info] Created io_context
[2025-04-10 13:51:31.369] [weekly_logger] [info] Configured SSL context
[2025-04-10 13:51:31.369] [weekly_logger] [info] Defined server information: host=stream.binance.com, port=9443, target=/ws/btcusdt@depth@100ms
[2025-04-10 13:51:31.375] [weekly_logger] [info] DNS resolution succeeded
[2025-04-10 13:51:31.376] [weekly_logger] [info] Created WebSocket stream
[2025-04-10 13:51:31.377] [weekly_logger] [info] TCP connection succeeded
[2025-04-10 13:51:31.954] [weekly_logger] [info] SSL handshake succeeded
[2025-04-10 13:51:32.275] [weekly_logger] [info] WebSocket handshake succeeded
[2025-04-10 13:51:32.275] [weekly_logger] [info] Connected to Binance WebSocket at stream.binance.com
[2025-04-10 14:17:36.906] [weekly_logger] [info] Starting WebSocket client...
[2025-04-10 14:17:36.906] [weekly_logger] [info] Created io_context
[2025-04-10 14:17:36.916] [weekly_logger] [info] Configured SSL context
[2025-04-10 14:17:36.916] [weekly_logger] [info] Defined server information: host=stream.binance.com, port=9443, target=/ws/btcusdt@depth@trade
[2025-04-10 14:17:36.923] [weekly_logger] [info] DNS resolution succeeded
[2025-04-10 14:17:36.924] [weekly_logger] [info] Created WebSocket stream
[2025-04-10 14:17:36.924] [weekly_logger] [info] TCP connection succeeded
[2025-04-10 14:17:38.231] [weekly_logger] [info] SSL handshake succeeded
[2025-04-10 14:17:38.449] [weekly_logger] [info] WebSocket handshake succeeded
[2025-04-10 14:17:38.449] [weekly_logger] [info] Connected to Binance WebSocket at stream.binance.com
[2025-04-10 14:18:18.835] [weekly_logger] [info] Starting WebSocket client...
[2025-04-10 14:18:18.835] [weekly_logger] [info] Created io_context
[2025-04-10 14:18:18.846] [weekly_logger] [info] Configured SSL context
[2025-04-10 14:18:18.846] [weekly_logger] [info] Defined server information: host=stream.binance.com, port=9443, target=/ws/btcusdt@depth@trade
[2025-04-10 14:18:19.150] [weekly_logger] [info] DNS resolution succeeded
[2025-04-10 14:18:19.153] [weekly_logger] [info] Created WebSocket stream
[2025-04-10 14:18:19.154] [weekly_logger] [info] TCP connection succeeded
[2025-04-10 14:18:19.786] [weekly_logger] [info] SSL handshake succeeded
[2025-04-10 14:18:19.993] [weekly_logger] [info] WebSocket handshake succeeded
[2025-04-10 14:18:19.993] [weekly_logger] [info] Connected to Binance WebSocket at stream.binance.com
[2025-04-10 14:18:43.631] [weekly_logger] [error] WebSocket read failed: Interrupted system call
[2025-04-10 14:18:54.548] [weekly_logger] [info] Starting WebSocket client...
[2025-04-10 14:18:54.548] [weekly_logger] [info] Created io_context
[2025-04-10 14:18:54.550] [weekly_logger] [info] Configured SSL context
[2025-04-10 14:18:54.550] [weekly_logger] [info] Defined server information: host=stream.binance.com, port=9443, target=/ws/btcusdt@depth@trade
[2025-04-10 14:18:54.823] [weekly_logger] [info] DNS resolution succeeded
[2025-04-10 14:18:54.823] [weekly_logger] [info] Created WebSocket stream
[2025-04-10 14:18:54.825] [weekly_logger] [info] TCP connection succeeded
[2025-04-10 14:18:55.793] [weekly_logger] [info] SSL handshake succeeded
[2025-04-10 14:18:55.998] [weekly_logger] [info] WebSocket handshake succeeded
[2025-04-10 14:18:55.999] [weekly_logger] [info] Connected to Binance WebSocket at stream.binance.com
[2025-04-10 14:19:21.209] [weekly_logger] [info] Starting WebSocket client...
[2025-04-10 14:19:21.209] [weekly_logger] [info] Created io_context
[2025-04-10 14:19:21.212] [weekly_logger] [info] Configured SSL context
[2025-04-10 14:19:21.212] [weekly_logger] [info] Defined server information: host=stream.binance.com, port=9443, target=/ws/btcusdt@trade
[2025-04-10 14:19:21.499] [weekly_logger] [info] DNS resolution succeeded
[2025-04-10 14:19:21.499] [weekly_logger] [info] Created WebSocket stream
[2025-04-10 14:19:21.500] [weekly_logger] [info] TCP connection succeeded
[2025-04-10 14:19:22.246] [weekly_logger] [info] SSL handshake succeeded
[2025-04-10 14:19:22.448] [weekly_logger] [info] WebSocket handshake succeeded
[2025-04-10 14:19:22.448] [weekly_logger] [info] Connected to Binance WebSocket at stream.binance.com
[2025-04-10 14:28:50.233] [weekly_logger] [info] Starting WebSocket client...
[2025-04-10 14:28:50.233] [weekly_logger] [info] Created io_context
[2025-04-10 14:28:50.243] [weekly_logger] [info] Configured SSL context
[2025-04-10 14:28:50.243] [weekly_logger] [info] Defined server information: host=stream.binance.com, port=9443, target=/ws/btcusdt@trade
[2025-04-10 14:28:50.250] [weekly_logger] [info] DNS resolution succeeded
[2025-04-10 14:28:50.251] [weekly_logger] [info] Created WebSocket stream
[2025-04-10 14:28:50.251] [weekly_logger] [info] TCP connection succeeded
[2025-04-10 14:28:50.888] [weekly_logger] [info] SSL handshake succeeded
[2025-04-10 14:28:51.102] [weekly_logger] [info] WebSocket handshake succeeded
[2025-04-10 14:28:51.102] [weekly_logger] [info] Connected to Binance WebSocket at stream.binance.com
[2025-04-10 14:32:36.379] [weekly_logger] [info] Starting WebSocket client...
[2025-04-10 14:32:36.379] [weekly_logger] [info] Created io_context
[2025-04-10 14:32:36.391] [weekly_logger] [info] Configured SSL context
[2025-04-10 14:32:36.391] [weekly_logger] [info] Defined server information: host=stream.binance.com, port=9443, target=/ws/btcusdt@depth@100ms
[2025-04-10 14:32:36.675] [weekly_logger] [info] DNS resolution succeeded
[2025-04-10 14:32:36.676] [weekly_logger] [info] Created WebSocket stream
[2025-04-10 14:32:36.676] [weekly_logger] [info] TCP connection succeeded
[2025-04-10 14:32:37.636] [weekly_logger] [info] SSL handshake succeeded
[2025-04-10 14:32:37.845] [weekly_logger] [info] WebSocket handshake succeeded
[2025-04-10 14:32:37.845] [weekly_logger] [info] Connected to Binance WebSocket at stream.binance.com
[2025-04-10 14:33:25.367] [weekly_logger] [error] JSON Parsing Error: INSUFFICIENT_PADDING: simdjson requires the input JSON string to have at least SIMDJSON_PADDING extra bytes allocated, beyond the string's length. Consider using the simdjson::padded_string class if needed.
[2025-04-10 14:37:07.476] [weekly_logger] [info] Starting WebSocket client...
[2025-04-10 14:37:07.476] [weekly_logger] [info] Created io_context
[2025-04-10 14:37:07.486] [weekly_logger] [info] Configured SSL context
[2025-04-10 14:37:07.486] [weekly_logger] [info] Defined server information: host=stream.binance.com, port=9443, target=/ws/btcusdt@depth@100ms
[2025-04-10 14:37:07.493] [weekly_logger] [info] DNS resolution succeeded
[2025-04-10 14:37:07.495] [weekly_logger] [info] Created WebSocket stream
[2025-04-10 14:37:07.495] [weekly_logger] [info] TCP connection succeeded
[2025-04-10 14:37:08.348] [weekly_logger] [info] SSL handshake succeeded
[2025-04-10 14:37:08.554] [weekly_logger] [info] WebSocket handshake succeeded
[2025-04-10 14:37:08.554] [weekly_logger] [info] Connected to Binance WebSocket at stream.binance.com
[2025-04-10 14:37:09.378] [weekly_logger] [error] JSON Parsing Error: INSUFFICIENT_PADDING: simdjson requires the input JSON string to have at least SIMDJSON_PADDING extra bytes allocated, beyond the string's length. Consider using the simdjson::padded_string class if needed.
[2025-04-10 14:37:09.431] [weekly_logger] [error] JSON Parsing Error: INSUFFICIENT_PADDING: simdjson requires the input JSON string to have at least SIMDJSON_PADDING extra bytes allocated, beyond the string's length. Consider using the simdjson::padded_string class if needed.
[2025-04-10 14:37:12.423] [weekly_logger] [error] JSON Parsing Error: INSUFFICIENT_PADDING: simdjson requires the input JSON string to have at least SIMDJSON_PADDING extra bytes allocated, beyond the string's length. Consider using the simdjson::padded_string class if needed.
[2025-04-10 14:37:13.335] [weekly_logger] [error] JSON Parsing Error: INSUFFICIENT_PADDING: simdjson requires the input JSON string to have at least SIMDJSON_PADDING extra bytes allocated, beyond the string's length. Consider using the simdjson::padded_string class if needed.
[2025-04-10 14:37:22.787] [weekly_logger] [error] JSON Parsing Error: INSUFFICIENT_PADDING: simdjson requires the input JSON string to have at least SIMDJSON_PADDING extra bytes allocated, beyond the string's length. Consider using the simdjson::padded_string class if needed.
[2025-04-10 14:37:22.840] [weekly_logger] [error] JSON Parsing Error: INSUFFICIENT_PADDING: simdjson requires the input JSON string to have at least SIMDJSON_PADDING extra bytes allocated, beyond the string's length. Consider using the simdjson::padded_string class if needed.
[2025-04-10 14:37:23.005] [weekly_logger] [error] JSON Parsing Error: INSUFFICIENT_PADDING: simdjson requires the input JSON string to have at least SIMDJSON_PADDING extra bytes allocated, beyond the string's length. Consider using the simdjson::padded_string class if needed.
[2025-04-10 14:37:23.041] [weekly_logger] [error] JSON Parsing Error: INSUFFICIENT_PADDING: simdjson requires the input JSON string to have at least SIMDJSON_PADDING extra bytes allocated, beyond the string's length. Consider using the simdjson::padded_string class if needed.
[2025-04-10 14:37:23.143] [weekly_logger] [error] JSON Parsing Error: INSUFFICIENT_PADDING: simdjson requires the input JSON string to have at least SIMDJSON_PADDING extra bytes allocated, beyond the string's length. Consider using the simdjson::padded_string class if needed.
[2025-04-10 14:37:23.229] [weekly_logger] [error] JSON Parsing Error: INSUFFICIENT_PADDING: simdjson requires the input JSON string to have at least SIMDJSON_PADDING extra bytes allocated, beyond the string's length. Consider using the simdjson::padded_string class if needed.
[2025-04-10 14:37:23.374] [weekly_logger] [error] JSON Parsing Error: INSUFFICIENT_PADDING: simdjson requires the input JSON string to have at least SIMDJSON_PADDING extra bytes allocated, beyond the string's length. Consider using the simdjson::padded_string class if needed.
[2025-04-10 14:37:27.026] [weekly_logger] [error] JSON Parsing Error: INSUFFICIENT_PADDING: simdjson requires the input JSON string to have at least SIMDJSON_PADDING extra bytes allocated, beyond the string's length. Consider using the simdjson::padded_string class if needed.
[2025-04-10 14:37:27.183] [weekly_logger] [error] JSON Parsing Error: INSUFFICIENT_PADDING: simdjson requires the input JSON string to have at least SIMDJSON_PADDING extra bytes allocated, beyond the string's length. Consider using the simdjson::padded_string class if needed.
[2025-04-10 14:37:27.224] [weekly_logger] [error] JSON Parsing Error: INSUFFICIENT_PADDING: simdjson requires the input JSON string to have at least SIMDJSON_PADDING extra bytes allocated, beyond the string's length. Consider using the simdjson::padded_string class if needed.
[2025-04-10 14:37:29.323] [weekly_logger] [error] JSON Parsing Error: INSUFFICIENT_PADDING: simdjson requires the input JSON string to have at least SIMDJSON_PADDING extra bytes allocated, beyond the string's length. Consider using the simdjson::padded_string class if needed.
[2025-04-10 14:37:29.428] [weekly_logger] [error] JSON Parsing Error: INSUFFICIENT_PADDING: simdjson requires the input JSON string to have at least SIMDJSON_PADDING extra bytes allocated, beyond the string's length. Consider using the simdjson::padded_string class if needed.
[2025-04-10 14:37:30.782] [weekly_logger] [error] JSON Parsing Error: INSUFFICIENT_PADDING: simdjson requires the input JSON string to have at least SIMDJSON_PADDING extra bytes allocated, beyond the string's length. Consider using the simdjson::padded_string class if needed.
[2025-04-10 14:37:30.830] [weekly_logger] [error] JSON Parsing Error: INSUFFICIENT_PADDING: simdjson requires the input JSON string to have at least SIMDJSON_PADDING extra bytes allocated, beyond the string's length. Consider using the simdjson::padded_string class if needed.
[2025-04-10 14:37:30.971] [weekly_logger] [error] JSON Parsing Error: INSUFFICIENT_PADDING: simdjson requires the input JSON string to have at least SIMDJSON_PADDING extra bytes allocated, beyond the string's length. Consider using the simdjson::padded_string class if needed.
[2025-04-10 14:37:31.072] [weekly_logger] [error] JSON Parsing Error: INSUFFICIENT_PADDING: simdjson requires the input JSON string to have at least SIMDJSON_PADDING extra bytes allocated, beyond the string's length. Consider using the simdjson::padded_string class if needed.
[2025-04-10 14:37:31.133] [weekly_logger] [error] JSON Parsing Error: INSUFFICIENT_PADDING: simdjson requires the input JSON string to have at least SIMDJSON_PADDING extra bytes allocated, beyond the string's length. Consider using the simdjson::padded_string class if needed.
[2025-04-10 14:37:31.226] [weekly_logger] [error] JSON Parsing Error: INSUFFICIENT_PADDING: simdjson requires the input JSON string to have at least SIMDJSON_PADDING extra bytes allocated, beyond the string's length. Consider using the simdjson::padded_string class if needed.
[2025-04-10 14:37:34.429] [weekly_logger] [error] JSON Parsing Error: INSUFFICIENT_PADDING: simdjson requires the input JSON string to have at least SIMDJSON_PADDING extra bytes allocated, beyond the string's length. Consider using the simdjson::padded_string class if needed.
[2025-04-10 14:37:34.624] [weekly_logger] [error] JSON Parsing Error: INSUFFICIENT_PADDING: simdjson requires the input JSON string to have at least SIMDJSON_PADDING extra bytes allocated, beyond the string's length. Consider using the simdjson::padded_string class if needed.
[2025-04-10 14:37:35.634] [weekly_logger] [error] JSON Parsing Error: INSUFFICIENT_PADDING: simdjson requires the input JSON string to have at least SIMDJSON_PADDING extra bytes allocated, beyond the string's length. Consider using the simdjson::padded_string class if needed.
[2025-04-10 14:37:40.125] [weekly_logger] [error] JSON Parsing Error: INSUFFICIENT_PADDING: simdjson requires the input JSON string to have at least SIMDJSON_PADDING extra bytes allocated, beyond the string's length. Consider using the simdjson::padded_string class if needed.
[2025-04-10 14:37:40.275] [weekly_logger] [error] JSON Parsing Error: INSUFFICIENT_PADDING: simdjson requires the input JSON string to have at least SIMDJSON_PADDING extra bytes allocated, beyond the string's length. Consider using the simdjson::padded_string class if needed.
[2025-04-10 14:37:41.123] [weekly_logger] [error] JSON Parsing Error: INSUFFICIENT_PADDING: simdjson requires the input JSON string to have at least SIMDJSON_PADDING extra bytes allocated, beyond the string's length. Consider using the simdjson::padded_string class if needed.
[2025-04-10 14:37:41.430] [weekly_logger] [error] JSON Parsing Error: INSUFFICIENT_PADDING: simdjson requires the input JSON string to have at least SIMDJSON_PADDING extra bytes allocated, beyond the string's length. Consider using the simdjson::padded_string class if needed.
[2025-04-10 14:37:42.827] [weekly_logger] [error] JSON Parsing Error: INSUFFICIENT_PADDING: simdjson requires the input JSON string to have at least SIMDJSON_PADDING extra bytes allocated, beyond the string's length. Consider using the simdjson::padded_string class if needed.
[2025-04-10 14:37:42.927] [weekly_logger] [error] JSON Parsing Error: INSUFFICIENT_PADDING: simdjson requires the input JSON string to have at least SIMDJSON_PADDING extra bytes allocated, beyond the string's length. Consider using the simdjson::padded_string class if needed.
[2025-04-10 14:37:43.027] [weekly_logger] [error] JSON Parsing Error: INSUFFICIENT_PADDING: simdjson requires the input JSON string to have at least SIMDJSON_PADDING extra bytes allocated, beyond the string's length. Consider using the simdjson::padded_string class if needed.
[2025-04-10 14:37:43.123] [weekly_logger] [error] JSON Parsing Error: INSUFFICIENT_PADDING: simdjson requires the input JSON string to have at least SIMDJSON_PADDING extra bytes allocated, beyond the string's length. Consider using the simdjson::padded_string class if needed.
[2025-04-10 14:37:46.426] [weekly_logger] [error] JSON Parsing Error: INSUFFICIENT_PADDING: simdjson requires the input JSON string to have at least SIMDJSON_PADDING extra bytes allocated, beyond the string's length. Consider using the simdjson::padded_string class if needed.
[2025-04-10 14:37:54.327] [weekly_logger] [error] JSON Parsing Error: INSUFFICIENT_PADDING: simdjson requires the input JSON string to have at least SIMDJSON_PADDING extra bytes allocated, beyond the string's length. Consider using the simdjson::padded_string class if needed.
[2025-04-10 14:37:54.439] [weekly_logger] [error] JSON Parsing Error: INSUFFICIENT_PADDING: simdjson requires the input JSON string to have at least SIMDJSON_PADDING extra bytes allocated, beyond the string's length. Consider using the simdjson::padded_string class if needed.
[2025-04-10 14:37:54.524] [weekly_logger] [error] JSON Parsing Error: INSUFFICIENT_PADDING: simdjson requires the input JSON string to have at least SIMDJSON_PADDING extra bytes allocated, beyond the string's length. Consider using the simdjson::padded_string class if needed.
[2025-04-10 14:37:56.030] [weekly_logger] [error] JSON Parsing Error: INSUFFICIENT_PADDING: simdjson requires the input JSON string to have at least SIMDJSON_PADDING extra bytes allocated, beyond the string's length. Consider using the simdjson::padded_string class if needed.
[2025-04-10 14:37:56.123] [weekly_logger] [error] JSON Parsing Error: INSUFFICIENT_PADDING: simdjson requires the input JSON string to have at least SIMDJSON_PADDING extra bytes allocated, beyond the string's length. Consider using the simdjson::padded_string class if needed.
[2025-04-10 14:37:56.346] [weekly_logger] [error] JSON Parsing Error: INSUFFICIENT_PADDING: simdjson requires the input JSON string to have at least SIMDJSON_PADDING extra bytes allocated, beyond the string's length. Consider using the simdjson::padded_string class if needed.
[2025-04-10 14:37:56.563] [weekly_logger] [error] JSON Parsing Error: INSUFFICIENT_PADDING: simdjson requires the input JSON string to have at least SIMDJSON_PADDING extra bytes allocated, beyond the string's length. Consider using the simdjson::padded_string class if needed.
[2025-04-10 14:37:58.238] [weekly_logger] [error] JSON Parsing Error: INSUFFICIENT_PADDING: simdjson requires the input JSON string to have at least SIMDJSON_PADDING extra bytes allocated, beyond the string's length. Consider using the simdjson::padded_string class if needed.
[2025-04-10 14:38:03.407] [weekly_logger] [info] Starting WebSocket client...
[2025-04-10 14:38:03.407] [weekly_logger] [info] Created io_context
[2025-04-10 14:38:03.411] [weekly_logger] [info] Configured SSL context
[2025-04-10 14:38:03.411] [weekly_logger] [info] Defined server information: host=stream.binance.com, port=9443, target=/ws/btcusdt@depth@100ms
[2025-04-10 14:38:03.417] [weekly_logger] [info] DNS resolution succeeded
[2025-04-10 14:38:03.418] [weekly_logger] [info] Created WebSocket stream
[2025-04-10 14:38:03.418] [weekly_logger] [info] TCP connection succeeded
[2025-04-10 14:38:04.036] [weekly_logger] [info] SSL handshake succeeded
[2025-04-10 14:38:04.235] [weekly_logger] [info] WebSocket handshake succeeded
[2025-04-10 14:38:04.235] [weekly_logger] [info] Connected to Binance WebSocket at stream.binance.com
[2025-04-10 14:38:04.901] [weekly_logger] [error] JSON Parsing Error: INSUFFICIENT_PADDING: simdjson requires the input JSON string to have at least SIMDJSON_PADDING extra bytes allocated, beyond the string's length. Consider using the simdjson::padded_string class if needed.
[2025-04-10 14:38:05.008] [weekly_logger] [error] JSON Parsing Error: INSUFFICIENT_PADDING: simdjson requires the input JSON string to have at least SIMDJSON_PADDING extra bytes allocated, beyond the string's length. Consider using the simdjson::padded_string class if needed.
[2025-04-10 14:38:05.035] [weekly_logger] [error] JSON Parsing Error: INSUFFICIENT_PADDING: simdjson requires the input JSON string to have at least SIMDJSON_PADDING extra bytes allocated, beyond the string's length. Consider using the simdjson::padded_string class if needed.
[2025-04-10 14:38:05.544] [weekly_logger] [error] JSON Parsing Error: INSUFFICIENT_PADDING: simdjson requires the input JSON string to have at least SIMDJSON_PADDING extra bytes allocated, beyond the string's length. Consider using the simdjson::padded_string class if needed.
[2025-04-10 14:38:05.635] [weekly_logger] [error] JSON Parsing Error: INSUFFICIENT_PADDING: simdjson requires the input JSON string to have at least SIMDJSON_PADDING extra bytes allocated, beyond the string's length. Consider using the simdjson::padded_string class if needed.
[2025-04-10 14:38:16.953] [weekly_logger] [error] JSON Parsing Error: INSUFFICIENT_PADDING: simdjson requires the input JSON string to have at least SIMDJSON_PADDING extra bytes allocated, beyond the string's length. Consider using the simdjson::padded_string class if needed.
[2025-04-10 14:38:24.862] [weekly_logger] [error] JSON Parsing Error: INSUFFICIENT_PADDING: simdjson requires the input JSON string to have at least SIMDJSON_PADDING extra bytes allocated, beyond the string's length. Consider using the simdjson::padded_string class if needed.
[2025-04-10 14:38:25.000] [weekly_logger] [error] JSON Parsing Error: INSUFFICIENT_PADDING: simdjson requires the input JSON string to have at least SIMDJSON_PADDING extra bytes allocated, beyond the string's length. Consider using the simdjson::padded_string class if needed.
[2025-04-10 14:38:25.039] [weekly_logger] [error] JSON Parsing Error: INSUFFICIENT_PADDING: simdjson requires the input JSON string to have at least SIMDJSON_PADDING extra bytes allocated, beyond the string's length. Consider using the simdjson::padded_string class if needed.
[2025-04-10 14:38:25.143] [weekly_logger] [error] JSON Parsing Error: INSUFFICIENT_PADDING: simdjson requires the input JSON string to have at least SIMDJSON_PADDING extra bytes allocated, beyond the string's length. Consider using the simdjson::padded_string class if needed.
[2025-04-10 14:38:25.175] [weekly_logger] [error] JSON Parsing Error: INSUFFICIENT_PADDING: simdjson requires the input JSON string to have at least SIMDJSON_PADDING extra bytes allocated, beyond the string's length. Consider using the simdjson::padded_string class if needed.
[2025-04-10 14:38:28.804] [weekly_logger] [error] JSON Parsing Error: INSUFFICIENT_PADDING: simdjson requires the input JSON string to have at least SIMDJSON_PADDING extra bytes allocated, beyond the string's length. Consider using the simdjson::padded_string class if needed.
[2025-04-10 14:38:28.940] [weekly_logger] [error] JSON Parsing Error: INSUFFICIENT_PADDING: simdjson requires the input JSON string to have at least SIMDJSON_PADDING extra bytes allocated, beyond the string's length. Consider using the simdjson::padded_string class if needed.
[2025-04-10 14:38:29.010] [weekly_logger] [error] JSON Parsing Error: INSUFFICIENT_PADDING: simdjson requires the input JSON string to have at least SIMDJSON_PADDING extra bytes allocated, beyond the string's length. Consider using the simdjson::padded_string class if needed.
[2025-04-10 14:38:29.256] [weekly_logger] [error] JSON Parsing Error: INSUFFICIENT_PADDING: simdjson requires the input JSON string to have at least SIMDJSON_PADDING extra bytes allocated, beyond the string's length. Consider using the simdjson::padded_string class if needed.
[2025-04-10 14:38:33.057] [weekly_logger] [error] JSON Parsing Error: INSUFFICIENT_PADDING: simdjson requires the input JSON string to have at least SIMDJSON_PADDING extra bytes allocated, beyond the string's length. Consider using the simdjson::padded_string class if needed.
[2025-04-10 14:38:33.144] [weekly_logger] [error] JSON Parsing Error: INSUFFICIENT_PADDING: simdjson requires the input JSON string to have at least SIMDJSON_PADDING extra bytes allocated, beyond the string's length. Consider using the simdjson::padded_string class if needed.
[2025-04-10 14:38:34.242] [weekly_logger] [error] JSON Parsing Error: INSUFFICIENT_PADDING: simdjson requires the input JSON string to have at least SIMDJSON_PADDING extra bytes allocated, beyond the string's length. Consider using the simdjson::padded_string class if needed.
[2025-04-10 14:38:34.265] [weekly_logger] [error] JSON Parsing Error: INSUFFICIENT_PADDING: simdjson requires the input JSON string to have at least SIMDJSON_PADDING extra bytes allocated, beyond the string's length. Consider using the simdjson::padded_string class if needed.
[2025-04-10 14:38:35.061] [weekly_logger] [error] JSON Parsing Error: INSUFFICIENT_PADDING: simdjson requires the input JSON string to have at least SIMDJSON_PADDING extra bytes allocated, beyond the string's length. Consider using the simdjson::padded_string class if needed.
[2025-04-10 14:38:35.244] [weekly_logger] [error] JSON Parsing Error: INSUFFICIENT_PADDING: simdjson requires the input JSON string to have at least SIMDJSON_PADDING extra bytes allocated, beyond the string's length. Consider using the simdjson::padded_string class if needed.
[2025-04-10 14:43:59.804] [weekly_logger] [info] Starting WebSocket client...
[2025-04-10 14:43:59.804] [weekly_logger] [info] Created io_context
[2025-04-10 14:43:59.814] [weekly_logger] [info] Configured SSL context
[2025-04-10 14:43:59.814] [weekly_logger] [info] Defined server information: host=stream.binance.com, port=9443, target=/ws/btcusdt@trade
[2025-04-10 14:43:59.820] [weekly_logger] [info] DNS resolution succeeded
[2025-04-10 14:43:59.821] [weekly_logger] [info] Created WebSocket stream
[2025-04-10 14:43:59.822] [weekly_logger] [info] TCP connection succeeded
[2025-04-10 14:44:00.373] [weekly_logger] [info] SSL handshake succeeded
[2025-04-10 14:44:00.560] [weekly_logger] [info] WebSocket handshake succeeded
[2025-04-10 14:44:00.560] [weekly_logger] [info] Connected to Binance WebSocket at stream.binance.com
[2025-04-10 15:05:09.987] [weekly_logger] [info] Starting WebSocket client...
[2025-04-10 15:05:09.987] [weekly_logger] [info] Created io_context
[2025-04-10 15:05:09.996] [weekly_logger] [info] Configured SSL context
[2025-04-10 15:05:09.996] [weekly_logger] [info] Defined server information: host=stream.binance.com, port=9443, target=/ws/btcusdt@trade
[2025-04-10 15:05:10.002] [weekly_logger] [info] DNS resolution succeeded
[2025-04-10 15:05:10.003] [weekly_logger] [info] Created WebSocket stream
[2025-04-10 15:05:10.003] [weekly_logger] [info] TCP connection succeeded
[2025-04-10 15:05:10.703] [weekly_logger] [info] SSL handshake succeeded
[2025-04-10 15:05:10.913] [weekly_logger] [info] WebSocket handshake succeeded
[2025-04-10 15:05:10.913] [weekly_logger] [info] Connected to Binance WebSocket at stream.binance.com
[2025-04-10 15:06:05.533] [weekly_logger] [info] Starting WebSocket client...
[2025-04-10 15:06:05.533] [weekly_logger] [info] Created io_context
[2025-04-10 15:06:05.537] [weekly_logger] [info] Configured SSL context
[2025-04-10 15:06:05.537] [weekly_logger] [info] Defined server information: host=stream.binance.com, port=9443, target=/ws/btcusdt@trade
[2025-04-10 15:06:05.544] [weekly_logger] [info] DNS resolution succeeded
[2025-04-10 15:06:05.544] [weekly_logger] [info] Created WebSocket stream
[2025-04-10 15:06:05.544] [weekly_logger] [info] TCP connection succeeded
[2025-04-10 15:06:06.141] [weekly_logger] [info] SSL handshake succeeded
[2025-04-10 15:06:06.351] [weekly_logger] [info] WebSocket handshake succeeded
[2025-04-10 15:06:06.351] [weekly_logger] [info] Connected to Binance WebSocket at stream.binance.com
[2025-04-10 15:08:13.040] [weekly_logger] [info] Starting WebSocket client...
[2025-04-10 15:08:13.040] [weekly_logger] [info] Created io_context
[2025-04-10 15:08:13.048] [weekly_logger] [info] Configured SSL context
[2025-04-10 15:08:13.048] [weekly_logger] [info] Defined server information: host=stream.binance.com, port=9443, target=/ws/btcusdt@trade
[2025-04-10 15:08:13.052] [weekly_logger] [info] DNS resolution succeeded
[2025-04-10 15:08:13.052] [weekly_logger] [info] Created WebSocket stream
[2025-04-10 15:08:13.053] [weekly_logger] [info] TCP connection succeeded
[2025-04-10 15:08:14.169] [weekly_logger] [info] SSL handshake succeeded
[2025-04-10 15:08:14.378] [weekly_logger] [info] WebSocket handshake succeeded
[2025-04-10 15:08:14.378] [weekly_logger] [info] Connected to Binance WebSocket at stream.binance.com
[2025-04-10 15:09:20.018] [weekly_logger] [info] Starting WebSocket client...
[2025-04-10 15:09:20.018] [weekly_logger] [info] Created io_context
[2025-04-10 15:09:20.022] [weekly_logger] [info] Configured SSL context
[2025-04-10 15:09:20.022] [weekly_logger] [info] Defined server information: host=stream.binance.com, port=9443, target=/ws/btcusdt@trade
[2025-04-10 15:09:20.028] [weekly_logger] [info] DNS resolution succeeded
[2025-04-10 15:09:20.029] [weekly_logger] [info] Created WebSocket stream
[2025-04-10 15:09:20.029] [weekly_logger] [info] TCP connection succeeded
[2025-04-10 15:09:20.659] [weekly_logger] [info] SSL handshake succeeded
[2025-04-10 15:09:20.861] [weekly_logger] [info] WebSocket handshake succeeded
[2025-04-10 15:09:20.861] [weekly_logger] [info] Connected to Binance WebSocket at stream.binance.com
